This is pdfTeX, Version 3.14159265-2.6-1.40.17 (MiKTeX 2.9.6210 64-bit) (preloaded format=pdflatex 2017.2.26)  29 AUG 2022 13:44
entering extended mode
**"./Elementary relation types.tex"
("Elementary relation types.tex"
LaTeX2e <2017/01/01> patch level 1
Babel <3.9r> and hyphenation patterns for 75 language(s) loaded.
("C:\Program Files\New folder\tex\latex\base\article.cls"
Document Class: article 2014/09/29 v1.4h Standard LaTeX document class
("C:\Program Files\New folder\tex\latex\base\size11.clo"
File: size11.clo 2014/09/29 v1.4h Standard LaTeX file (size option)
)
\c@part=\count79
\c@section=\count80
\c@subsection=\count81
\c@subsubsection=\count82
\c@paragraph=\count83
\c@subparagraph=\count84
\c@figure=\count85
\c@table=\count86
\abovecaptionskip=\skip41
\belowcaptionskip=\skip42
\bibindent=\dimen102
)
("Elementary relation types.aux")
\openout1 = `"Elementary relation types.aux"'.

LaTeX Font Info:    Checking defaults for OML/cmm/m/it on input line 3.
LaTeX Font Info:    ... okay on input line 3.
LaTeX Font Info:    Checking defaults for T1/cmr/m/n on input line 3.
LaTeX Font Info:    ... okay on input line 3.
LaTeX Font Info:    Checking defaults for OT1/cmr/m/n on input line 3.
LaTeX Font Info:    ... okay on input line 3.
LaTeX Font Info:    Checking defaults for OMS/cmsy/m/n on input line 3.
LaTeX Font Info:    ... okay on input line 3.
LaTeX Font Info:    Checking defaults for OMX/cmex/m/n on input line 3.
LaTeX Font Info:    ... okay on input line 3.
LaTeX Font Info:    Checking defaults for U/cmr/m/n on input line 3.
LaTeX Font Info:    ... okay on input line 3.
LaTeX Font Info:    External font `cmex10' loaded for size
(Font)              <12> on input line 4.
LaTeX Font Info:    External font `cmex10' loaded for size
(Font)              <8> on input line 4.
LaTeX Font Info:    External font `cmex10' loaded for size
(Font)              <6> on input line 4.


LaTeX Warning: No \author given.

LaTeX Font Info:    External font `cmex10' loaded for size
(Font)              <10.95> on input line 5.
LaTeX Font Info:    Try loading font information for OMS+cmr on input line 15.
("C:\Program Files\New folder\tex\latex\base\omscmr.fd"
File: omscmr.fd 2014/09/29 v2.5h Standard LaTeX font definitions
)
LaTeX Font Info:    Font shape `OMS/cmr/m/n' in size <10.95> not available
(Font)              Font shape `OMS/cmsy/m/n' tried instead on input line 15.

Overfull \hbox (12.84798pt too wide) in paragraph at lines 17--18
[]\OT1/cmr/m/n/10.95 The num-ber of re-la-tios that do not fall into ei-ther of
 the above categories$=
 []

[1

{C:/Users/Administrator/AppData/Local/MiKTeX/2.9/pdftex/config/pdftex.map}]
("Elementary relation types.aux") ) 
Here is how much of TeX's memory you used:
 248 strings out of 493333
 2941 string characters out of 3139170
 57255 words of memory out of 3000000
 3850 multiletter control sequences out of 15000+200000
 7899 words of font info for 28 fonts, out of 3000000 for 9000
 1141 hyphenation exceptions out of 8191
 21i,8n,19p,306b,193s stack positions out of 5000i,500n,10000p,200000b,50000s
<C:/Program Files/New folder/fonts/type1/pub
lic/amsfonts/cm/cmbx10.pfb><C:/Program Files/New folder/fonts/type1/public/amsf
onts/cm/cmmi10.pfb><C:/Program Files/New folder/fonts/type1/public/amsfonts/cm/
cmmi6.pfb><C:/Program Files/New folder/fonts/type1/public/amsfonts/cm/cmmi8.pfb
><C:/Program Files/New folder/fonts/type1/public/amsfonts/cm/cmr10.pfb><C:/Prog
ram Files/New folder/fonts/type1/public/amsfonts/cm/cmr12.pfb><C:/Program Files
/New folder/fonts/type1/public/amsfonts/cm/cmr17.pfb><C:/Program Files/New fold
er/fonts/type1/public/amsfonts/cm/cmr6.pfb><C:/Program Files/New folder/fonts/t
ype1/public/amsfonts/cm/cmr8.pfb><C:/Program Files/New folder/fonts/type1/publi
c/amsfonts/cm/cmsy10.pfb><C:/Program Files/New folder/fonts/type1/public/amsfon
ts/cm/cmsy8.pfb>
Output written on "Elementary relation types.pdf" (1 page, 108555 bytes).
PDF statistics:
 50 PDF objects out of 1000 (max. 8388607)
 0 named destinations out of 1000 (max. 500000)
 1 words of extra memory for PDF output out of 10000 (max. 10000000)

