This is pdfTeX, Version 3.14159265-2.6-1.40.17 (MiKTeX 2.9.6210 64-bit) (preloaded format=pdflatex 2017.2.26)  19 SEP 2022 13:00
entering extended mode
**"./Power Set Partial Order.tex"
("Power Set Partial Order.tex"
LaTeX2e <2017/01/01> patch level 1
Babel <3.9r> and hyphenation patterns for 75 language(s) loaded.
("C:\Program Files\New folder\tex\latex\base\article.cls"
Document Class: article 2014/09/29 v1.4h Standard LaTeX document class
("C:\Program Files\New folder\tex\latex\base\size11.clo"
File: size11.clo 2014/09/29 v1.4h Standard LaTeX file (size option)
)
\c@part=\count79
\c@section=\count80
\c@subsection=\count81
\c@subsubsection=\count82
\c@paragraph=\count83
\c@subparagraph=\count84
\c@figure=\count85
\c@table=\count86
\abovecaptionskip=\skip41
\belowcaptionskip=\skip42
\bibindent=\dimen102
)
\c@theorem=\count87
\c@definition=\count88

("Power Set Partial Order.aux")
\openout1 = `"Power Set Partial Order.aux"'.

LaTeX Font Info:    Checking defaults for OML/cmm/m/it on input line 5.
LaTeX Font Info:    ... okay on input line 5.
LaTeX Font Info:    Checking defaults for T1/cmr/m/n on input line 5.
LaTeX Font Info:    ... okay on input line 5.
LaTeX Font Info:    Checking defaults for OT1/cmr/m/n on input line 5.
LaTeX Font Info:    ... okay on input line 5.
LaTeX Font Info:    Checking defaults for OMS/cmsy/m/n on input line 5.
LaTeX Font Info:    ... okay on input line 5.
LaTeX Font Info:    Checking defaults for OMX/cmex/m/n on input line 5.
LaTeX Font Info:    ... okay on input line 5.
LaTeX Font Info:    Checking defaults for U/cmr/m/n on input line 5.
LaTeX Font Info:    ... okay on input line 5.
LaTeX Font Info:    External font `cmex10' loaded for size
(Font)              <12> on input line 6.
LaTeX Font Info:    External font `cmex10' loaded for size
(Font)              <8> on input line 6.
LaTeX Font Info:    External font `cmex10' loaded for size
(Font)              <6> on input line 6.


LaTeX Warning: No \author given.

LaTeX Font Info:    External font `cmex10' loaded for size
(Font)              <10.95> on input line 7.
LaTeX Font Info:    Try loading font information for OMS+cmr on input line 9.
("C:\Program Files\New folder\tex\latex\base\omscmr.fd"
File: omscmr.fd 2014/09/29 v2.5h Standard LaTeX font definitions
)
LaTeX Font Info:    Font shape `OMS/cmr/m/n' in size <10.95> not available
(Font)              Font shape `OMS/cmsy/m/n' tried instead on input line 9.

Overfull \hbox (15.7954pt too wide) in paragraph at lines 18--19
[]\OT1/cmr/m/it/10.95 The ver-tex set $\OML/cmm/m/it/10.95 V \OT1/cmr/m/n/10.95
 = \OMS/cmsy/m/n/10.95 f[]\OML/cmm/m/it/10.95 k\OMS/cmsy/m/n/10.95 g$\OT1/cmr/m
/it/10.95 .
 []

LaTeX Font Info:    Font shape `OMS/cmr/m/it' in size <10.95> not available
(Font)              Font shape `OMS/cmsy/m/n' tried instead on input line 24.
[1

{C:/Users/Administrator/AppData/Local/MiKTeX/2.9/pdftex/config/pdftex.map}]
[2] ("Power Set Partial Order.aux") ) 
Here is how much of TeX's memory you used:
 263 strings out of 493333
 3091 string characters out of 3139170
 57255 words of memory out of 3000000
 3864 multiletter control sequences out of 15000+200000
 8245 words of font info for 29 fonts, out of 3000000 for 9000
 1141 hyphenation exceptions out of 8191
 21i,6n,19p,481b,193s stack positions out of 5000i,500n,10000p,200000b,50000s
<C:/Program Files/New folder/fonts/type1/p
ublic/amsfonts/cm/cmbx10.pfb><C:/Program Files/New folder/fonts/type1/public/am
sfonts/cm/cmmi10.pfb><C:/Program Files/New folder/fonts/type1/public/amsfonts/c
m/cmmi8.pfb><C:/Program Files/New folder/fonts/type1/public/amsfonts/cm/cmr10.p
fb><C:/Program Files/New folder/fonts/type1/public/amsfonts/cm/cmr12.pfb><C:/Pr
ogram Files/New folder/fonts/type1/public/amsfonts/cm/cmr17.pfb><C:/Program Fil
es/New folder/fonts/type1/public/amsfonts/cm/cmr8.pfb><C:/Program Files/New fol
der/fonts/type1/public/amsfonts/cm/cmsy10.pfb><C:/Program Files/New folder/font
s/type1/public/amsfonts/cm/cmti10.pfb>
Output written on "Power Set Partial Order.pdf" (2 pages, 108150 bytes).
PDF statistics:
 45 PDF objects out of 1000 (max. 8388607)
 0 named destinations out of 1000 (max. 500000)
 1 words of extra memory for PDF output out of 10000 (max. 10000000)

